<?xml version="1.0" encoding="UTF-8"?>
<testsuite name="com.project.tameofthrones.repositoryservices.KingdomDataTest" tests="3" skipped="0" failures="0" errors="0" timestamp="2020-08-02T09:29:49" hostname="vaibhav-PC" time="1.007">
  <properties/>
  <testcase name="testForNoKingdom()" classname="com.project.tameofthrones.repositoryservices.KingdomDataTest" time="0.957"/>
  <testcase name="generateTestForAllKingdom()" classname="com.project.tameofthrones.repositoryservices.KingdomDataTest" time="0.011"/>
  <testcase name="generateTestForSingleKingdom()" classname="com.project.tameofthrones.repositoryservices.KingdomDataTest" time="0.021"/>
  <system-out><![CDATA[]]></system-out>
  <system-err><![CDATA[]]></system-err>
</testsuite>
