<?xml version="1.0" encoding="UTF-8"?>
<testsuite name="com.project.tameofthrones.repositoryservices.KingdomDataTest" tests="2" skipped="0" failures="0" errors="0" timestamp="2020-08-01T11:51:05" hostname="vaibhav-PC" time="0.785">
  <properties/>
  <testcase name="generateTestForAllKingdom()" classname="com.project.tameofthrones.repositoryservices.KingdomDataTest" time="0.78"/>
  <testcase name="generateTestForSingleKingdom()" classname="com.project.tameofthrones.repositoryservices.KingdomDataTest" time="0.003"/>
  <system-out><![CDATA[]]></system-out>
  <system-err><![CDATA[]]></system-err>
</testsuite>
