<?xml version="1.0" encoding="UTF-8"?>
<testsuite name="com.project.tameofthrones.conversions.CipherImplTest" tests="7" skipped="0" failures="0" errors="0" timestamp="2020-08-02T09:29:50" hostname="vaibhav-PC" time="0.032">
  <properties/>
  <testcase name="encodeAnimalNameToCipherTest()" classname="com.project.tameofthrones.conversions.CipherImplTest" time="0.002"/>
  <testcase name="decodeMessageTest()" classname="com.project.tameofthrones.conversions.CipherImplTest" time="0.002"/>
  <testcase name="matchCipherFailTest()" classname="com.project.tameofthrones.conversions.CipherImplTest" time="0.006"/>
  <testcase name="matchCipherTest()" classname="com.project.tameofthrones.conversions.CipherImplTest" time="0.003"/>
  <testcase name="emptyMessageTest()" classname="com.project.tameofthrones.conversions.CipherImplTest" time="0.001"/>
  <testcase name="messageWithSpecialCharacterTest()" classname="com.project.tameofthrones.conversions.CipherImplTest" time="0.0"/>
  <testcase name="messageWithSpaceTest()" classname="com.project.tameofthrones.conversions.CipherImplTest" time="0.001"/>
  <system-out><![CDATA[]]></system-out>
  <system-err><![CDATA[]]></system-err>
</testsuite>
