<?xml version="1.0" encoding="UTF-8"?>
<testsuite name="com.project.tameofthrones.CipherTest" tests="4" skipped="0" failures="0" errors="0" timestamp="2020-07-30T10:32:50" hostname="vaibhav-PC" time="0.02">
  <properties/>
  <testcase name="matchCipherFail()" classname="com.project.tameofthrones.CipherTest" time="0.011"/>
  <testcase name="matchCipher()" classname="com.project.tameofthrones.CipherTest" time="0.002"/>
  <testcase name="generateCipher()" classname="com.project.tameofthrones.CipherTest" time="0.002"/>
  <testcase name="decodeCipher()" classname="com.project.tameofthrones.CipherTest" time="0.001"/>
  <system-out><![CDATA[]]></system-out>
  <system-err><![CDATA[]]></system-err>
</testsuite>
