<?xml version="1.0" encoding="UTF-8"?>
<testsuite name="com.project.tameofthrones.model.KingdomTest" tests="3" skipped="0" failures="0" errors="0" timestamp="2020-07-31T10:13:22" hostname="vaibhav-PC" time="0.394">
  <properties/>
  <testcase name="makeCipherFromAnimalName()" classname="com.project.tameofthrones.model.KingdomTest" time="0.39"/>
  <testcase name="sendMessageToKingdom()" classname="com.project.tameofthrones.model.KingdomTest" time="0.001"/>
  <testcase name="isKingdomAlliedToRuler()" classname="com.project.tameofthrones.model.KingdomTest" time="0.001"/>
  <system-out><![CDATA[]]></system-out>
  <system-err><![CDATA[]]></system-err>
</testsuite>
