<?xml version="1.0" encoding="UTF-8"?>
<testsuite name="com.project.tameofthrones.TameOfThroneApplicationTest" tests="4" skipped="0" failures="0" errors="0" timestamp="2020-08-02T09:29:50" hostname="vaibhav-PC" time="0.025">
  <properties/>
  <testcase name="testForNoAlliedRulers()" classname="com.project.tameofthrones.TameOfThroneApplicationTest" time="0.011"/>
  <testcase name="testForAlliedRulers()" classname="com.project.tameofthrones.TameOfThroneApplicationTest" time="0.002"/>
  <testcase name="testForFileNotFound()" classname="com.project.tameofthrones.TameOfThroneApplicationTest" time="0.003"/>
  <testcase name="testForDuplicates()" classname="com.project.tameofthrones.TameOfThroneApplicationTest" time="0.004"/>
  <system-out><![CDATA[]]></system-out>
  <system-err><![CDATA[]]></system-err>
</testsuite>
