<?xml version="1.0" encoding="UTF-8"?>
<testsuite name="com.project.tameofthrones.conversions.CipherTest" tests="4" skipped="0" failures="0" errors="0" timestamp="2020-07-30T20:00:53" hostname="vaibhav-PC" time="0.015">
  <properties/>
  <testcase name="matchCipherFail()" classname="com.project.tameofthrones.conversions.CipherTest" time="0.009"/>
  <testcase name="matchCipher()" classname="com.project.tameofthrones.conversions.CipherTest" time="0.001"/>
  <testcase name="generateCipher()" classname="com.project.tameofthrones.conversions.CipherTest" time="0.001"/>
  <testcase name="decodeCipher()" classname="com.project.tameofthrones.conversions.CipherTest" time="0.001"/>
  <system-out><![CDATA[]]></system-out>
  <system-err><![CDATA[]]></system-err>
</testsuite>
