<?xml version="1.0" encoding="UTF-8"?>
<testsuite name="com.project.tameofthrones.repositoryservices.KingdomDataTest" tests="3" skipped="0" failures="0" errors="0" timestamp="2020-08-01T17:03:57" hostname="vaibhav-PC" time="0.504">
  <properties/>
  <testcase name="testForNoKingdom()" classname="com.project.tameofthrones.repositoryservices.KingdomDataTest" time="0.496"/>
  <testcase name="generateTestForAllKingdom()" classname="com.project.tameofthrones.repositoryservices.KingdomDataTest" time="0.004"/>
  <testcase name="generateTestForSingleKingdom()" classname="com.project.tameofthrones.repositoryservices.KingdomDataTest" time="0.002"/>
  <system-out><![CDATA[]]></system-out>
  <system-err><![CDATA[]]></system-err>
</testsuite>
