<?xml version="1.0" encoding="UTF-8"?>
<testsuite name="com.project.tameofthrones.TameOfThroneApplicationTest" tests="3" skipped="0" failures="0" errors="0" timestamp="2020-08-01T11:51:06" hostname="vaibhav-PC" time="0.041">
  <properties/>
  <testcase name="testForNoAlliedRulers()" classname="com.project.tameofthrones.TameOfThroneApplicationTest" time="0.027"/>
  <testcase name="testForAlliedRulers()" classname="com.project.tameofthrones.TameOfThroneApplicationTest" time="0.004"/>
  <testcase name="testForFileNotFound()" classname="com.project.tameofthrones.TameOfThroneApplicationTest" time="0.007"/>
  <system-out><![CDATA[]]></system-out>
  <system-err><![CDATA[]]></system-err>
</testsuite>
