<?xml version="1.0" encoding="UTF-8"?>
<testsuite name="com.project.tameofthrones.model.KingdomTest" tests="3" skipped="0" failures="0" errors="0" timestamp="2020-07-31T12:23:31" hostname="vaibhav-PC" time="0.403">
  <properties/>
  <testcase name="makeCipherFromAnimalName()" classname="com.project.tameofthrones.model.KingdomTest" time="0.395"/>
  <testcase name="sendMessageToKingdom()" classname="com.project.tameofthrones.model.KingdomTest" time="0.002"/>
  <testcase name="isKingdomAlliedToRuler()" classname="com.project.tameofthrones.model.KingdomTest" time="0.004"/>
  <system-out><![CDATA[]]></system-out>
  <system-err><![CDATA[]]></system-err>
</testsuite>
